<?xml version="1.0" encoding="UTF-8"?>
<!-- Generated by org.testng.reporters.JUnitReportReporter -->
<testsuite hostname="LAPTOP-0OSBRJBO" failures="1" tests="5" name="com.tripadvisor.tests.CruisesTest" time="17.646" errors="0" timestamp="24 May 2021 05:13:00 GMT" skipped="4">
  <testcase classname="com.tripadvisor.tests.CruisesTest" name="cruiseDetailsTest" time="0.000">
    <skipped/>
  </testcase> <!-- cruiseDetailsTest -->
  <testcase classname="com.tripadvisor.tests.CruisesTest" name="verifyShipDropDownNotActivatedTest" time="0.000">
    <skipped/>
  </testcase> <!-- verifyShipDropDownNotActivatedTest -->
  <testcase classname="com.tripadvisor.tests.CruisesTest" name="verifyCruiseIsSelectedTest" time="0.000">
    <skipped/>
  </testcase> <!-- verifyCruiseIsSelectedTest -->
  <testcase classname="com.tripadvisor.tests.CruisesTest" name="verifySearchNotActivatedTest" time="0.000">
    <skipped/>
  </testcase> <!-- verifySearchNotActivatedTest -->
  <testcase classname="com.tripadvisor.tests.CruisesTest" name="verifyCruisesPageTitleTest" time="17.646">
    <failure message="Test case failed: chrome not reachable
  (Session info: chrome=90.0.4430.212)
Build info: version: &#039;3.141.59&#039;, revision: &#039;e82be7d358&#039;, time: &#039;2018-11-14T08:17:03&#039;
System info: host: &#039;LAPTOP-0OSBRJBO&#039;, ip: &#039;192.168.0.115&#039;, os.name: &#039;Windows 10&#039;, os.arch: &#039;amd64&#039;, os.version: &#039;10.0&#039;, java.version: &#039;15.0.1&#039;
Driver info: org.openqa.selenium.chrome.ChromeDriver
Capabilities {acceptInsecureCerts: false, browserName: chrome, browserVersion: 90.0.4430.212, chrome: {chromedriverVersion: 89.0.4389.23 (61b08ee2c5002..., userDataDir: C:\Users\user\AppData\Local...}, goog:chromeOptions: {debuggerAddress: localhost:49871}, javascriptEnabled: true, networkConnectionEnabled: false, pageLoadStrategy: normal, platform: WINDOWS, platformName: WINDOWS, proxy: Proxy(), setWindowRect: true, strictFileInteractability: false, timeouts: {implicit: 0, pageLoad: 300000, script: 30000}, unhandledPromptBehavior: dismiss and notify, webauthn:extension:largeBlob: true, webauthn:virtualAuthenticators: true}
Session ID: d0e7de555bf9a0116d8b6166505779e5
*** Element info: {Using=xpath, value=//*[@id=&quot;lithium-root&quot;]/main/div[1]/div[2]/div/div/div[2]/a/span/span[1]}" type="java.lang.AssertionError">
      <![CDATA[java.lang.AssertionError: Test case failed: chrome not reachable
  (Session info: chrome=90.0.4430.212)
Build info: version: '3.141.59', revision: 'e82be7d358', time: '2018-11-14T08:17:03'
System info: host: 'LAPTOP-0OSBRJBO', ip: '192.168.0.115', os.name: 'Windows 10', os.arch: 'amd64', os.version: '10.0', java.version: '15.0.1'
Driver info: org.openqa.selenium.chrome.ChromeDriver
Capabilities {acceptInsecureCerts: false, browserName: chrome, browserVersion: 90.0.4430.212, chrome: {chromedriverVersion: 89.0.4389.23 (61b08ee2c5002..., userDataDir: C:\Users\user\AppData\Local...}, goog:chromeOptions: {debuggerAddress: localhost:49871}, javascriptEnabled: true, networkConnectionEnabled: false, pageLoadStrategy: normal, platform: WINDOWS, platformName: WINDOWS, proxy: Proxy(), setWindowRect: true, strictFileInteractability: false, timeouts: {implicit: 0, pageLoad: 300000, script: 30000}, unhandledPromptBehavior: dismiss and notify, webauthn:extension:largeBlob: true, webauthn:virtualAuthenticators: true}
Session ID: d0e7de555bf9a0116d8b6166505779e5
*** Element info: {Using=xpath, value=//*[@id="lithium-root"]/main/div[1]/div[2]/div/div/div[2]/a/span/span[1]}
at org.testng.Assert.fail(Assert.java:96)
at com.tripadvisor.base.BaseUI.reportFail(BaseUI.java:304)
at com.tripadvisor.base.BaseUI.clickOn(BaseUI.java:193)
at com.tripadvisor.pages.HomePage.searchHolidayHomesLocation(HomePage.java:36)
at com.tripadvisor.tests.CruisesTest.verifyCruisesPageTitleTest(CruisesTest.java:40)
at java.base/jdk.internal.reflect.NativeMethodAccessorImpl.invoke0(Native Method)
at java.base/jdk.internal.reflect.NativeMethodAccessorImpl.invoke(NativeMethodAccessorImpl.java:64)
at java.base/jdk.internal.reflect.DelegatingMethodAccessorImpl.invoke(DelegatingMethodAccessorImpl.java:43)
at java.base/java.lang.reflect.Method.invoke(Method.java:564)
at org.testng.internal.MethodInvocationHelper.invokeMethod(MethodInvocationHelper.java:124)
at org.testng.internal.Invoker.invokeMethod(Invoker.java:583)
at org.testng.internal.Invoker.invokeTestMethod(Invoker.java:719)
at org.testng.internal.Invoker.invokeTestMethods(Invoker.java:989)
at org.testng.internal.TestMethodWorker.invokeTestMethods(TestMethodWorker.java:125)
at org.testng.internal.TestMethodWorker.run(TestMethodWorker.java:109)
at org.testng.TestRunner.privateRun(TestRunner.java:648)
at org.testng.TestRunner.run(TestRunner.java:505)
at org.testng.SuiteRunner.runTest(SuiteRunner.java:455)
at org.testng.SuiteRunner.runSequentially(SuiteRunner.java:450)
at org.testng.SuiteRunner.privateRun(SuiteRunner.java:415)
at org.testng.SuiteRunner.run(SuiteRunner.java:364)
at org.testng.SuiteRunnerWorker.runSuite(SuiteRunnerWorker.java:52)
at org.testng.SuiteRunnerWorker.run(SuiteRunnerWorker.java:84)
at org.testng.TestNG.runSuitesSequentially(TestNG.java:1208)
at org.testng.TestNG.runSuitesLocally(TestNG.java:1137)
at org.testng.TestNG.runSuites(TestNG.java:1049)
at org.testng.TestNG.run(TestNG.java:1017)
at org.testng.remote.AbstractRemoteTestNG.run(AbstractRemoteTestNG.java:115)
at org.testng.remote.RemoteTestNG.initAndRun(RemoteTestNG.java:251)
at org.testng.remote.RemoteTestNG.main(RemoteTestNG.java:77)
]]>
    </failure>
  </testcase> <!-- verifyCruisesPageTitleTest -->
</testsuite> <!-- com.tripadvisor.tests.CruisesTest -->
